<?xml version="1.0" encoding="UTF-8"?>
<coverage generated="1533536040781" clover="3.2.0">
  <project timestamp="1533536040781" name="All files">
    <metrics statements="67" coveredstatements="62" conditionals="117" coveredconditionals="72" methods="42" coveredmethods="40" elements="226" coveredelements="174" complexity="0" loc="67" ncloc="67" packages="10" files="18" classes="18">
      <package name="client.src">
        <metrics statements="1" coveredstatements="1" conditionals="0" coveredconditionals="0" methods="0" coveredmethods="0"/>
        <file name="fakeData.js" path="/Users/hyukkim/Desktop/FEC/Reviews/client/src/fakeData.js">
          <metrics statements="1" coveredstatements="1" conditionals="0" coveredconditionals="0" methods="0" coveredmethods="0"/>
          <line num="1" count="6" type="stmt"/>
        </file>
      </package>
      <package name="client.src.components.avg_rating">
        <metrics statements="10" coveredstatements="10" conditionals="6" coveredconditionals="4" methods="5" coveredmethods="5"/>
        <file name="avg_rating.css" path="/Users/hyukkim/Desktop/FEC/Reviews/client/src/components/avg_rating/avg_rating.css">
          <metrics statements="0" coveredstatements="0" conditionals="0" coveredconditionals="0" methods="0" coveredmethods="0"/>
        </file>
        <file name="avg_rating.jsx" path="/Users/hyukkim/Desktop/FEC/Reviews/client/src/components/avg_rating/avg_rating.jsx">
          <metrics statements="10" coveredstatements="10" conditionals="6" coveredconditionals="4" methods="5" coveredmethods="5"/>
          <line num="1" count="1" type="cond" truecount="3" falsecount="1"/>
          <line num="3" count="1" type="stmt"/>
          <line num="6" count="1" type="stmt"/>
          <line num="8" count="1" type="stmt"/>
          <line num="9" count="1" type="cond" truecount="1" falsecount="1"/>
          <line num="10" count="1" type="stmt"/>
          <line num="17" count="1" type="stmt"/>
          <line num="18" count="1" type="stmt"/>
          <line num="21" count="1" type="stmt"/>
          <line num="24" count="1" type="stmt"/>
        </file>
      </package>
      <package name="client.src.components.closing_popup">
        <metrics statements="6" coveredstatements="5" conditionals="4" coveredconditionals="3" methods="3" coveredmethods="2"/>
        <file name="closing_popup.css" path="/Users/hyukkim/Desktop/FEC/Reviews/client/src/components/closing_popup/closing_popup.css">
          <metrics statements="0" coveredstatements="0" conditionals="0" coveredconditionals="0" methods="0" coveredmethods="0"/>
        </file>
        <file name="closing_popup.jsx" path="/Users/hyukkim/Desktop/FEC/Reviews/client/src/components/closing_popup/closing_popup.jsx">
          <metrics statements="6" coveredstatements="5" conditionals="4" coveredconditionals="3" methods="3" coveredmethods="2"/>
          <line num="1" count="3" type="cond" truecount="3" falsecount="1"/>
          <line num="3" count="3" type="stmt"/>
          <line num="5" count="3" type="stmt"/>
          <line num="6" count="1" type="stmt"/>
          <line num="7" count="0" type="stmt"/>
          <line num="10" count="1" type="stmt"/>
        </file>
      </package>
      <package name="client.src.components.flag_popup">
        <metrics statements="2" coveredstatements="2" conditionals="31" coveredconditionals="18" methods="7" coveredmethods="7"/>
        <file name="popup.css" path="/Users/hyukkim/Desktop/FEC/Reviews/client/src/components/flag_popup/popup.css">
          <metrics statements="0" coveredstatements="0" conditionals="0" coveredconditionals="0" methods="0" coveredmethods="0"/>
        </file>
        <file name="popup.jsx" path="/Users/hyukkim/Desktop/FEC/Reviews/client/src/components/flag_popup/popup.jsx">
          <metrics statements="2" coveredstatements="2" conditionals="31" coveredconditionals="18" methods="7" coveredmethods="7"/>
          <line num="1" count="12" type="cond" truecount="18" falsecount="13"/>
          <line num="3" count="3" type="stmt"/>
        </file>
      </package>
      <package name="client.src.components.ratings">
        <metrics statements="15" coveredstatements="11" conditionals="6" coveredconditionals="4" methods="7" coveredmethods="6"/>
        <file name="ratings.css" path="/Users/hyukkim/Desktop/FEC/Reviews/client/src/components/ratings/ratings.css">
          <metrics statements="0" coveredstatements="0" conditionals="0" coveredconditionals="0" methods="0" coveredmethods="0"/>
        </file>
        <file name="ratings.jsx" path="/Users/hyukkim/Desktop/FEC/Reviews/client/src/components/ratings/ratings.jsx">
          <metrics statements="15" coveredstatements="11" conditionals="6" coveredconditionals="4" methods="7" coveredmethods="6"/>
          <line num="1" count="1" type="cond" truecount="3" falsecount="1"/>
          <line num="3" count="1" type="stmt"/>
          <line num="5" count="1" type="stmt"/>
          <line num="6" count="1" type="stmt"/>
          <line num="7" count="6" type="cond" truecount="1" falsecount="1"/>
          <line num="8" count="6" type="stmt"/>
          <line num="15" count="1" type="stmt"/>
          <line num="16" count="6" type="stmt"/>
          <line num="19" count="6" type="stmt"/>
          <line num="22" count="1" type="stmt"/>
          <line num="23" count="0" type="stmt"/>
          <line num="24" count="0" type="stmt"/>
          <line num="25" count="0" type="stmt"/>
          <line num="27" count="0" type="stmt"/>
          <line num="30" count="1" type="stmt"/>
        </file>
      </package>
      <package name="client.src.components.total_number_reviews">
        <metrics statements="4" coveredstatements="4" conditionals="4" coveredconditionals="3" methods="2" coveredmethods="2"/>
        <file name="total_number_reviews.css" path="/Users/hyukkim/Desktop/FEC/Reviews/client/src/components/total_number_reviews/total_number_reviews.css">
          <metrics statements="0" coveredstatements="0" conditionals="0" coveredconditionals="0" methods="0" coveredmethods="0"/>
        </file>
        <file name="total_number_reviews.jsx" path="/Users/hyukkim/Desktop/FEC/Reviews/client/src/components/total_number_reviews/total_number_reviews.jsx">
          <metrics statements="4" coveredstatements="4" conditionals="4" coveredconditionals="3" methods="2" coveredmethods="2"/>
          <line num="1" count="1" type="stmt"/>
          <line num="2" count="1" type="cond" truecount="3" falsecount="1"/>
          <line num="4" count="1" type="stmt"/>
          <line num="5" count="2" type="stmt"/>
        </file>
      </package>
      <package name="client.src.components.user_reviews">
        <metrics statements="3" coveredstatements="3" conditionals="31" coveredconditionals="19" methods="7" coveredmethods="7"/>
        <file name="user_reviews.css" path="/Users/hyukkim/Desktop/FEC/Reviews/client/src/components/user_reviews/user_reviews.css">
          <metrics statements="0" coveredstatements="0" conditionals="0" coveredconditionals="0" methods="0" coveredmethods="0"/>
        </file>
        <file name="user_reviews.jsx" path="/Users/hyukkim/Desktop/FEC/Reviews/client/src/components/user_reviews/user_reviews.jsx">
          <metrics statements="3" coveredstatements="3" conditionals="31" coveredconditionals="19" methods="7" coveredmethods="7"/>
          <line num="1" count="6" type="cond" truecount="5" falsecount="3"/>
          <line num="2" count="2" type="cond" truecount="14" falsecount="9"/>
          <line num="4" count="1" type="stmt"/>
        </file>
      </package>
      <package name="client.src.components.user_reviews_entry">
        <metrics statements="3" coveredstatements="3" conditionals="31" coveredconditionals="19" methods="7" coveredmethods="7"/>
        <file name="user_reviews_entry.css" path="/Users/hyukkim/Desktop/FEC/Reviews/client/src/components/user_reviews_entry/user_reviews_entry.css">
          <metrics statements="0" coveredstatements="0" conditionals="0" coveredconditionals="0" methods="0" coveredmethods="0"/>
        </file>
        <file name="user_reviews_entry.jsx" path="/Users/hyukkim/Desktop/FEC/Reviews/client/src/components/user_reviews_entry/user_reviews_entry.jsx">
          <metrics statements="3" coveredstatements="3" conditionals="31" coveredconditionals="19" methods="7" coveredmethods="7"/>
          <line num="1" count="14" type="cond" truecount="5" falsecount="3"/>
          <line num="3" count="6" type="cond" truecount="14" falsecount="9"/>
          <line num="5" count="2" type="stmt"/>
        </file>
      </package>
      <package name="db">
        <metrics statements="10" coveredstatements="10" conditionals="2" coveredconditionals="1" methods="2" coveredmethods="2"/>
        <file name="config.js" path="/Users/hyukkim/Desktop/FEC/Reviews/db/config.js">
          <metrics statements="1" coveredstatements="1" conditionals="0" coveredconditionals="0" methods="0" coveredmethods="0"/>
          <line num="1" count="1" type="stmt"/>
        </file>
        <file name="index.js" path="/Users/hyukkim/Desktop/FEC/Reviews/db/index.js">
          <metrics statements="9" coveredstatements="9" conditionals="2" coveredconditionals="1" methods="2" coveredmethods="2"/>
          <line num="1" count="1" type="stmt"/>
          <line num="2" count="1" type="stmt"/>
          <line num="5" count="1" type="stmt"/>
          <line num="7" count="1" type="stmt"/>
          <line num="8" count="4" type="stmt"/>
          <line num="9" count="4" type="stmt"/>
          <line num="10" count="4" type="cond" truecount="1" falsecount="1"/>
          <line num="11" count="4" type="stmt"/>
          <line num="15" count="1" type="stmt"/>
        </file>
      </package>
      <package name="server">
        <metrics statements="13" coveredstatements="13" conditionals="2" coveredconditionals="1" methods="2" coveredmethods="2"/>
        <file name="app.js" path="/Users/hyukkim/Desktop/FEC/Reviews/server/app.js">
          <metrics statements="13" coveredstatements="13" conditionals="2" coveredconditionals="1" methods="2" coveredmethods="2"/>
          <line num="1" count="1" type="stmt"/>
          <line num="2" count="1" type="stmt"/>
          <line num="3" count="1" type="stmt"/>
          <line num="4" count="1" type="stmt"/>
          <line num="6" count="1" type="stmt"/>
          <line num="8" count="1" type="stmt"/>
          <line num="9" count="1" type="stmt"/>
          <line num="10" count="1" type="stmt"/>
          <line num="12" count="1" type="stmt"/>
          <line num="13" count="4" type="stmt"/>
          <line num="14" count="4" type="cond" truecount="1" falsecount="1"/>
          <line num="15" count="4" type="stmt"/>
          <line num="19" count="1" type="stmt"/>
        </file>
      </package>
    </metrics>
  </project>
</coverage>
