{"/Users/hyukkim/Desktop/FEC/Reviews/client/src/fakeData.js": {"path":"/Users/hyukkim/Desktop/FEC/Reviews/client/src/fakeData.js","statementMap":{"0":{"start":{"line":1,"column":39},"end":{"line":1,"column":101}},"1":{"start":{"line":1,"column":116},"end":{"line":52,"column":15}}},"fnMap":{},"branchMap":{},"s":{"0":6,"1":6},"f":{},"b":{},"_coverageSchema":"332fd63041d2c1bcb487cc26dd0d5f7d97098a6c","hash":"600e5557ca76f0961fdf7b68922931712b771096"}
,"/Users/hyukkim/Desktop/FEC/Reviews/client/src/components/avg_rating/avg_rating.css": {"path":"/Users/hyukkim/Desktop/FEC/Reviews/client/src/components/avg_rating/avg_rating.css","statementMap":{},"fnMap":{},"branchMap":{},"s":{},"f":{},"b":{},"_coverageSchema":"332fd63041d2c1bcb487cc26dd0d5f7d97098a6c","hash":"cf6fcd656c50f36d54ff246c5ecd48b70f9394f0"}
,"/Users/hyukkim/Desktop/FEC/Reviews/client/src/components/avg_rating/avg_rating.jsx": {"path":"/Users/hyukkim/Desktop/FEC/Reviews/client/src/components/avg_rating/avg_rating.jsx","statementMap":{"0":{"start":{"line":1,"column":39},"end":{"line":1,"column":101}},"1":{"start":{"line":1,"column":293},"end":{"line":1,"column":347}},"2":{"start":{"line":3,"column":12},"end":{"line":3,"column":28}},"3":{"start":{"line":6,"column":16},"end":{"line":31,"column":1}},"4":{"start":{"line":8,"column":19},"end":{"line":15,"column":3}},"5":{"start":{"line":9,"column":4},"end":{"line":14,"column":5}},"6":{"start":{"line":10,"column":6},"end":{"line":12,"column":84}},"7":{"start":{"line":17,"column":23},"end":{"line":22,"column":3}},"8":{"start":{"line":18,"column":16},"end":{"line":19,"column":71}},"9":{"start":{"line":21,"column":4},"end":{"line":21,"column":17}},"10":{"start":{"line":24,"column":2},"end":{"line":27,"column":255}}},"fnMap":{"0":{"name":"_interopRequireDefault","decl":{"start":{"line":1,"column":264},"end":{"line":1,"column":286}},"loc":{"start":{"line":1,"column":292},"end":{"line":1,"column":348}},"line":1},"1":{"name":"AvgRating","decl":{"start":{"line":6,"column":25},"end":{"line":6,"column":34}},"loc":{"start":{"line":6,"column":42},"end":{"line":31,"column":1}},"line":6},"2":{"name":"getAverage","decl":{"start":{"line":8,"column":28},"end":{"line":8,"column":38}},"loc":{"start":{"line":8,"column":41},"end":{"line":15,"column":3}},"line":8},"3":{"name":"(anonymous_3)","decl":{"start":{"line":11,"column":26},"end":{"line":11,"column":27}},"loc":{"start":{"line":11,"column":72},"end":{"line":12,"column":53}},"line":11},"4":{"name":"starPercentage","decl":{"start":{"line":17,"column":32},"end":{"line":17,"column":46}},"loc":{"start":{"line":17,"column":55},"end":{"line":22,"column":3}},"line":17}},"branchMap":{"0":{"loc":{"start":{"line":1,"column":300},"end":{"line":1,"column":346}},"type":"cond-expr","locations":[{"start":{"line":1,"column":324},"end":{"line":1,"column":327}},{"start":{"line":1,"column":330},"end":{"line":1,"column":346}}],"line":1},"1":{"loc":{"start":{"line":1,"column":300},"end":{"line":1,"column":321}},"type":"binary-expr","locations":[{"start":{"line":1,"column":300},"end":{"line":1,"column":303}},{"start":{"line":1,"column":307},"end":{"line":1,"column":321}}],"line":1},"2":{"loc":{"start":{"line":9,"column":4},"end":{"line":14,"column":5}},"type":"if","locations":[{"start":{"line":9,"column":4},"end":{"line":14,"column":5}},{"start":{"line":9,"column":4},"end":{"line":14,"column":5}}],"line":9}},"s":{"0":1,"1":1,"2":1,"3":1,"4":1,"5":1,"6":1,"7":1,"8":1,"9":1,"10":1},"f":{"0":1,"1":1,"2":1,"3":3,"4":1},"b":{"0":[0,1],"1":[1,1],"2":[1,0]},"_coverageSchema":"332fd63041d2c1bcb487cc26dd0d5f7d97098a6c","hash":"b4f52b967bc4bdf723a0bf290d4b65317ae3d16e"}
,"/Users/hyukkim/Desktop/FEC/Reviews/client/src/components/closing_popup/closing_popup.css": {"path":"/Users/hyukkim/Desktop/FEC/Reviews/client/src/components/closing_popup/closing_popup.css","statementMap":{},"fnMap":{},"branchMap":{},"s":{},"f":{},"b":{},"_coverageSchema":"332fd63041d2c1bcb487cc26dd0d5f7d97098a6c","hash":"e48c6b89be7d996eb8bd75b0d1e55fe4cc21d222"}
,"/Users/hyukkim/Desktop/FEC/Reviews/client/src/components/closing_popup/closing_popup.jsx": {"path":"/Users/hyukkim/Desktop/FEC/Reviews/client/src/components/closing_popup/closing_popup.jsx","statementMap":{"0":{"start":{"line":1,"column":39},"end":{"line":1,"column":101}},"1":{"start":{"line":1,"column":305},"end":{"line":1,"column":359}},"2":{"start":{"line":3,"column":12},"end":{"line":3,"column":28}},"3":{"start":{"line":5,"column":19},"end":{"line":23,"column":1}},"4":{"start":{"line":6,"column":16},"end":{"line":8,"column":3}},"5":{"start":{"line":7,"column":4},"end":{"line":7,"column":17}},"6":{"start":{"line":10,"column":2},"end":{"line":17,"column":292}}},"fnMap":{"0":{"name":"_interopRequireDefault","decl":{"start":{"line":1,"column":276},"end":{"line":1,"column":298}},"loc":{"start":{"line":1,"column":304},"end":{"line":1,"column":360}},"line":1},"1":{"name":"ClosingPopup","decl":{"start":{"line":5,"column":28},"end":{"line":5,"column":40}},"loc":{"start":{"line":5,"column":48},"end":{"line":23,"column":1}},"line":5},"2":{"name":"exitBtn","decl":{"start":{"line":6,"column":25},"end":{"line":6,"column":32}},"loc":{"start":{"line":6,"column":35},"end":{"line":8,"column":3}},"line":6}},"branchMap":{"0":{"loc":{"start":{"line":1,"column":312},"end":{"line":1,"column":358}},"type":"cond-expr","locations":[{"start":{"line":1,"column":336},"end":{"line":1,"column":339}},{"start":{"line":1,"column":342},"end":{"line":1,"column":358}}],"line":1},"1":{"loc":{"start":{"line":1,"column":312},"end":{"line":1,"column":333}},"type":"binary-expr","locations":[{"start":{"line":1,"column":312},"end":{"line":1,"column":315}},{"start":{"line":1,"column":319},"end":{"line":1,"column":333}}],"line":1}},"s":{"0":3,"1":3,"2":3,"3":3,"4":1,"5":0,"6":1},"f":{"0":3,"1":1,"2":0},"b":{"0":[0,3],"1":[3,3]},"_coverageSchema":"332fd63041d2c1bcb487cc26dd0d5f7d97098a6c","hash":"780336650849480789028afc3a389ea05cb2b6b7"}
,"/Users/hyukkim/Desktop/FEC/Reviews/client/src/components/flag_popup/popup.css": {"path":"/Users/hyukkim/Desktop/FEC/Reviews/client/src/components/flag_popup/popup.css","statementMap":{},"fnMap":{},"branchMap":{},"s":{},"f":{},"b":{},"_coverageSchema":"332fd63041d2c1bcb487cc26dd0d5f7d97098a6c","hash":"3ead048aec33db5823848d7deb1a8bdb5556a682"}
,"/Users/hyukkim/Desktop/FEC/Reviews/client/src/components/flag_popup/popup.jsx": {"path":"/Users/hyukkim/Desktop/FEC/Reviews/client/src/components/flag_popup/popup.jsx","statementMap":{"0":{"start":{"line":1,"column":39},"end":{"line":1,"column":101}},"1":{"start":{"line":1,"column":120},"end":{"line":1,"column":649}},"2":{"start":{"line":1,"column":175},"end":{"line":1,"column":440}},"3":{"start":{"line":1,"column":232},"end":{"line":1,"column":240}},"4":{"start":{"line":1,"column":241},"end":{"line":1,"column":296}},"5":{"start":{"line":1,"column":296},"end":{"line":1,"column":327}},"6":{"start":{"line":1,"column":327},"end":{"line":1,"column":381}},"7":{"start":{"line":1,"column":354},"end":{"line":1,"column":381}},"8":{"start":{"line":1,"column":381},"end":{"line":1,"column":439}},"9":{"start":{"line":1,"column":441},"end":{"line":1,"column":646}},"10":{"start":{"line":1,"column":497},"end":{"line":1,"column":565}},"11":{"start":{"line":1,"column":513},"end":{"line":1,"column":565}},"12":{"start":{"line":1,"column":565},"end":{"line":1,"column":625}},"13":{"start":{"line":1,"column":582},"end":{"line":1,"column":625}},"14":{"start":{"line":1,"column":625},"end":{"line":1,"column":644}},"15":{"start":{"line":1,"column":822},"end":{"line":1,"column":876}},"16":{"start":{"line":1,"column":926},"end":{"line":1,"column":1025}},"17":{"start":{"line":1,"column":967},"end":{"line":1,"column":1024}},"18":{"start":{"line":1,"column":1075},"end":{"line":1,"column":1174}},"19":{"start":{"line":1,"column":1087},"end":{"line":1,"column":1173}},"20":{"start":{"line":1,"column":1174},"end":{"line":1,"column":1260}},"21":{"start":{"line":1,"column":1303},"end":{"line":1,"column":1466}},"22":{"start":{"line":1,"column":1365},"end":{"line":1,"column":1465}},"23":{"start":{"line":1,"column":1466},"end":{"line":1,"column":1630}},"24":{"start":{"line":1,"column":1630},"end":{"line":1,"column":1748}},"25":{"start":{"line":1,"column":1646},"end":{"line":1,"column":1748}},"26":{"start":{"line":3,"column":12},"end":{"line":3,"column":28}}},"fnMap":{"0":{"name":"(anonymous_0)","decl":{"start":{"line":1,"column":120},"end":{"line":1,"column":121}},"loc":{"start":{"line":1,"column":132},"end":{"line":1,"column":647}},"line":1},"1":{"name":"defineProperties","decl":{"start":{"line":1,"column":142},"end":{"line":1,"column":158}},"loc":{"start":{"line":1,"column":174},"end":{"line":1,"column":441}},"line":1},"2":{"name":"(anonymous_2)","decl":{"start":{"line":1,"column":448},"end":{"line":1,"column":449}},"loc":{"start":{"line":1,"column":496},"end":{"line":1,"column":645}},"line":1},"3":{"name":"_interopRequireDefault","decl":{"start":{"line":1,"column":793},"end":{"line":1,"column":815}},"loc":{"start":{"line":1,"column":821},"end":{"line":1,"column":877}},"line":1},"4":{"name":"_classCallCheck","decl":{"start":{"line":1,"column":886},"end":{"line":1,"column":901}},"loc":{"start":{"line":1,"column":925},"end":{"line":1,"column":1026}},"line":1},"5":{"name":"_possibleConstructorReturn","decl":{"start":{"line":1,"column":1035},"end":{"line":1,"column":1061}},"loc":{"start":{"line":1,"column":1074},"end":{"line":1,"column":1261}},"line":1},"6":{"name":"_inherits","decl":{"start":{"line":1,"column":1270},"end":{"line":1,"column":1279}},"loc":{"start":{"line":1,"column":1302},"end":{"line":1,"column":1749}},"line":1}},"branchMap":{"0":{"loc":{"start":{"line":1,"column":265},"end":{"line":1,"column":295}},"type":"binary-expr","locations":[{"start":{"line":1,"column":265},"end":{"line":1,"column":286}},{"start":{"line":1,"column":290},"end":{"line":1,"column":295}}],"line":1},"1":{"loc":{"start":{"line":1,"column":327},"end":{"line":1,"column":381}},"type":"if","locations":[{"start":{"line":1,"column":327},"end":{"line":1,"column":381}},{"start":{"line":1,"column":327},"end":{"line":1,"column":381}}],"line":1},"2":{"loc":{"start":{"line":1,"column":497},"end":{"line":1,"column":565}},"type":"if","locations":[{"start":{"line":1,"column":497},"end":{"line":1,"column":565}},{"start":{"line":1,"column":497},"end":{"line":1,"column":565}}],"line":1},"3":{"loc":{"start":{"line":1,"column":565},"end":{"line":1,"column":625}},"type":"if","locations":[{"start":{"line":1,"column":565},"end":{"line":1,"column":625}},{"start":{"line":1,"column":565},"end":{"line":1,"column":625}}],"line":1},"4":{"loc":{"start":{"line":1,"column":829},"end":{"line":1,"column":875}},"type":"cond-expr","locations":[{"start":{"line":1,"column":853},"end":{"line":1,"column":856}},{"start":{"line":1,"column":859},"end":{"line":1,"column":875}}],"line":1},"5":{"loc":{"start":{"line":1,"column":829},"end":{"line":1,"column":850}},"type":"binary-expr","locations":[{"start":{"line":1,"column":829},"end":{"line":1,"column":832}},{"start":{"line":1,"column":836},"end":{"line":1,"column":850}}],"line":1},"6":{"loc":{"start":{"line":1,"column":926},"end":{"line":1,"column":1025}},"type":"if","locations":[{"start":{"line":1,"column":926},"end":{"line":1,"column":1025}},{"start":{"line":1,"column":926},"end":{"line":1,"column":1025}}],"line":1},"7":{"loc":{"start":{"line":1,"column":1075},"end":{"line":1,"column":1174}},"type":"if","locations":[{"start":{"line":1,"column":1075},"end":{"line":1,"column":1174}},{"start":{"line":1,"column":1075},"end":{"line":1,"column":1174}}],"line":1},"8":{"loc":{"start":{"line":1,"column":1181},"end":{"line":1,"column":1259}},"type":"cond-expr","locations":[{"start":{"line":1,"column":1248},"end":{"line":1,"column":1252}},{"start":{"line":1,"column":1255},"end":{"line":1,"column":1259}}],"line":1},"9":{"loc":{"start":{"line":1,"column":1181},"end":{"line":1,"column":1245}},"type":"binary-expr","locations":[{"start":{"line":1,"column":1181},"end":{"line":1,"column":1185}},{"start":{"line":1,"column":1190},"end":{"line":1,"column":1214}},{"start":{"line":1,"column":1218},"end":{"line":1,"column":1244}}],"line":1},"10":{"loc":{"start":{"line":1,"column":1303},"end":{"line":1,"column":1466}},"type":"if","locations":[{"start":{"line":1,"column":1303},"end":{"line":1,"column":1466}},{"start":{"line":1,"column":1303},"end":{"line":1,"column":1466}}],"line":1},"11":{"loc":{"start":{"line":1,"column":1307},"end":{"line":1,"column":1362}},"type":"binary-expr","locations":[{"start":{"line":1,"column":1307},"end":{"line":1,"column":1339}},{"start":{"line":1,"column":1343},"end":{"line":1,"column":1362}}],"line":1},"12":{"loc":{"start":{"line":1,"column":1501},"end":{"line":1,"column":1535}},"type":"binary-expr","locations":[{"start":{"line":1,"column":1501},"end":{"line":1,"column":1511}},{"start":{"line":1,"column":1515},"end":{"line":1,"column":1535}}],"line":1},"13":{"loc":{"start":{"line":1,"column":1630},"end":{"line":1,"column":1748}},"type":"if","locations":[{"start":{"line":1,"column":1630},"end":{"line":1,"column":1748}},{"start":{"line":1,"column":1630},"end":{"line":1,"column":1748}}],"line":1},"14":{"loc":{"start":{"line":1,"column":1646},"end":{"line":1,"column":1747}},"type":"cond-expr","locations":[{"start":{"line":1,"column":1670},"end":{"line":1,"column":1713}},{"start":{"line":1,"column":1716},"end":{"line":1,"column":1747}}],"line":1}},"s":{"0":3,"1":3,"2":3,"3":12,"4":12,"5":12,"6":12,"7":12,"8":12,"9":3,"10":3,"11":3,"12":3,"13":0,"14":3,"15":3,"16":1,"17":0,"18":1,"19":0,"20":1,"21":3,"22":0,"23":3,"24":3,"25":3,"26":3},"f":{"0":3,"1":3,"2":3,"3":3,"4":1,"5":1,"6":3},"b":{"0":[12,12],"1":[12,0],"2":[3,0],"3":[0,3],"4":[0,3],"5":[3,3],"6":[0,1],"7":[0,1],"8":[0,1],"9":[1,0,0],"10":[0,3],"11":[3,0],"12":[3,3],"13":[3,0],"14":[3,0]},"_coverageSchema":"332fd63041d2c1bcb487cc26dd0d5f7d97098a6c","hash":"eae4d9bb29b1670d5c652cbb4bb58cf28fe2d1f8"}
,"/Users/hyukkim/Desktop/FEC/Reviews/client/src/components/ratings/ratings.css": {"path":"/Users/hyukkim/Desktop/FEC/Reviews/client/src/components/ratings/ratings.css","statementMap":{},"fnMap":{},"branchMap":{},"s":{},"f":{},"b":{},"_coverageSchema":"332fd63041d2c1bcb487cc26dd0d5f7d97098a6c","hash":"79ac5470ef340824466625e1c5adfc0e784b0d50"}
,"/Users/hyukkim/Desktop/FEC/Reviews/client/src/components/ratings/ratings.jsx": {"path":"/Users/hyukkim/Desktop/FEC/Reviews/client/src/components/ratings/ratings.jsx","statementMap":{"0":{"start":{"line":1,"column":39},"end":{"line":1,"column":101}},"1":{"start":{"line":1,"column":281},"end":{"line":1,"column":335}},"2":{"start":{"line":3,"column":12},"end":{"line":3,"column":28}},"3":{"start":{"line":5,"column":14},"end":{"line":103,"column":1}},"4":{"start":{"line":6,"column":19},"end":{"line":13,"column":3}},"5":{"start":{"line":7,"column":4},"end":{"line":12,"column":5}},"6":{"start":{"line":8,"column":6},"end":{"line":10,"column":103}},"7":{"start":{"line":15,"column":23},"end":{"line":20,"column":3}},"8":{"start":{"line":16,"column":16},"end":{"line":17,"column":71}},"9":{"start":{"line":19,"column":4},"end":{"line":19,"column":17}},"10":{"start":{"line":22,"column":19},"end":{"line":28,"column":3}},"11":{"start":{"line":23,"column":17},"end":{"line":23,"column":19}},"12":{"start":{"line":24,"column":4},"end":{"line":26,"column":5}},"13":{"start":{"line":25,"column":6},"end":{"line":25,"column":25}},"14":{"start":{"line":27,"column":4},"end":{"line":27,"column":18}},"15":{"start":{"line":30,"column":2},"end":{"line":94,"column":271}}},"fnMap":{"0":{"name":"_interopRequireDefault","decl":{"start":{"line":1,"column":252},"end":{"line":1,"column":274}},"loc":{"start":{"line":1,"column":280},"end":{"line":1,"column":336}},"line":1},"1":{"name":"Ratings","decl":{"start":{"line":5,"column":23},"end":{"line":5,"column":30}},"loc":{"start":{"line":5,"column":38},"end":{"line":103,"column":1}},"line":5},"2":{"name":"getAverage","decl":{"start":{"line":6,"column":28},"end":{"line":6,"column":38}},"loc":{"start":{"line":6,"column":47},"end":{"line":13,"column":3}},"line":6},"3":{"name":"(anonymous_3)","decl":{"start":{"line":9,"column":23},"end":{"line":9,"column":24}},"loc":{"start":{"line":9,"column":65},"end":{"line":9,"column":87}},"line":9},"4":{"name":"(anonymous_4)","decl":{"start":{"line":10,"column":15},"end":{"line":10,"column":16}},"loc":{"start":{"line":10,"column":61},"end":{"line":10,"column":80}},"line":10},"5":{"name":"starPercentage","decl":{"start":{"line":15,"column":32},"end":{"line":15,"column":46}},"loc":{"start":{"line":15,"column":55},"end":{"line":20,"column":3}},"line":15},"6":{"name":"makeSpaces","decl":{"start":{"line":22,"column":28},"end":{"line":22,"column":38}},"loc":{"start":{"line":22,"column":44},"end":{"line":28,"column":3}},"line":22}},"branchMap":{"0":{"loc":{"start":{"line":1,"column":288},"end":{"line":1,"column":334}},"type":"cond-expr","locations":[{"start":{"line":1,"column":312},"end":{"line":1,"column":315}},{"start":{"line":1,"column":318},"end":{"line":1,"column":334}}],"line":1},"1":{"loc":{"start":{"line":1,"column":288},"end":{"line":1,"column":309}},"type":"binary-expr","locations":[{"start":{"line":1,"column":288},"end":{"line":1,"column":291}},{"start":{"line":1,"column":295},"end":{"line":1,"column":309}}],"line":1},"2":{"loc":{"start":{"line":7,"column":4},"end":{"line":12,"column":5}},"type":"if","locations":[{"start":{"line":7,"column":4},"end":{"line":12,"column":5}},{"start":{"line":7,"column":4},"end":{"line":12,"column":5}}],"line":7}},"s":{"0":1,"1":1,"2":1,"3":1,"4":1,"5":6,"6":6,"7":1,"8":6,"9":6,"10":1,"11":0,"12":0,"13":0,"14":0,"15":1},"f":{"0":1,"1":1,"2":6,"3":24,"4":18,"5":6,"6":0},"b":{"0":[0,1],"1":[1,1],"2":[6,0]},"_coverageSchema":"332fd63041d2c1bcb487cc26dd0d5f7d97098a6c","hash":"0a3716e1e8f6768544b5ad15764bb40a9824418d"}
,"/Users/hyukkim/Desktop/FEC/Reviews/client/src/components/total_number_reviews/total_number_reviews.css": {"path":"/Users/hyukkim/Desktop/FEC/Reviews/client/src/components/total_number_reviews/total_number_reviews.css","statementMap":{},"fnMap":{},"branchMap":{},"s":{},"f":{},"b":{},"_coverageSchema":"332fd63041d2c1bcb487cc26dd0d5f7d97098a6c","hash":"839553c9b5fcf508ae11dd2d7b738fc82d26d1b2"}
,"/Users/hyukkim/Desktop/FEC/Reviews/client/src/components/total_number_reviews/total_number_reviews.jsx": {"path":"/Users/hyukkim/Desktop/FEC/Reviews/client/src/components/total_number_reviews/total_number_reviews.jsx","statementMap":{"0":{"start":{"line":1,"column":39},"end":{"line":1,"column":101}},"1":{"start":{"line":2,"column":232},"end":{"line":2,"column":286}},"2":{"start":{"line":2,"column":299},"end":{"line":2,"column":315}},"3":{"start":{"line":4,"column":25},"end":{"line":12,"column":1}},"4":{"start":{"line":5,"column":2},"end":{"line":8,"column":71}}},"fnMap":{"0":{"name":"_interopRequireDefault","decl":{"start":{"line":2,"column":203},"end":{"line":2,"column":225}},"loc":{"start":{"line":2,"column":231},"end":{"line":2,"column":287}},"line":2},"1":{"name":"TotalNumberReviews","decl":{"start":{"line":4,"column":34},"end":{"line":4,"column":52}},"loc":{"start":{"line":4,"column":60},"end":{"line":12,"column":1}},"line":4}},"branchMap":{"0":{"loc":{"start":{"line":2,"column":239},"end":{"line":2,"column":285}},"type":"cond-expr","locations":[{"start":{"line":2,"column":263},"end":{"line":2,"column":266}},{"start":{"line":2,"column":269},"end":{"line":2,"column":285}}],"line":2},"1":{"loc":{"start":{"line":2,"column":239},"end":{"line":2,"column":260}},"type":"binary-expr","locations":[{"start":{"line":2,"column":239},"end":{"line":2,"column":242}},{"start":{"line":2,"column":246},"end":{"line":2,"column":260}}],"line":2}},"s":{"0":1,"1":1,"2":1,"3":1,"4":2},"f":{"0":1,"1":2},"b":{"0":[0,1],"1":[1,1]},"_coverageSchema":"332fd63041d2c1bcb487cc26dd0d5f7d97098a6c","hash":"eaaa547adb9e982f7b87d83f9df665dac9ed711f"}
,"/Users/hyukkim/Desktop/FEC/Reviews/client/src/components/user_reviews/user_reviews.css": {"path":"/Users/hyukkim/Desktop/FEC/Reviews/client/src/components/user_reviews/user_reviews.css","statementMap":{},"fnMap":{},"branchMap":{},"s":{},"f":{},"b":{},"_coverageSchema":"332fd63041d2c1bcb487cc26dd0d5f7d97098a6c","hash":"fb9a608b9f99dcab65acd133b7fda9e151b2da8c"}
,"/Users/hyukkim/Desktop/FEC/Reviews/client/src/components/user_reviews/user_reviews.jsx": {"path":"/Users/hyukkim/Desktop/FEC/Reviews/client/src/components/user_reviews/user_reviews.jsx","statementMap":{"0":{"start":{"line":1,"column":39},"end":{"line":1,"column":101}},"1":{"start":{"line":1,"column":120},"end":{"line":1,"column":649}},"2":{"start":{"line":1,"column":175},"end":{"line":1,"column":440}},"3":{"start":{"line":1,"column":232},"end":{"line":1,"column":240}},"4":{"start":{"line":1,"column":241},"end":{"line":1,"column":296}},"5":{"start":{"line":1,"column":296},"end":{"line":1,"column":327}},"6":{"start":{"line":1,"column":327},"end":{"line":1,"column":381}},"7":{"start":{"line":1,"column":354},"end":{"line":1,"column":381}},"8":{"start":{"line":1,"column":381},"end":{"line":1,"column":439}},"9":{"start":{"line":1,"column":441},"end":{"line":1,"column":646}},"10":{"start":{"line":1,"column":497},"end":{"line":1,"column":565}},"11":{"start":{"line":1,"column":513},"end":{"line":1,"column":565}},"12":{"start":{"line":1,"column":565},"end":{"line":1,"column":625}},"13":{"start":{"line":1,"column":582},"end":{"line":1,"column":625}},"14":{"start":{"line":1,"column":625},"end":{"line":1,"column":644}},"15":{"start":{"line":2,"column":200},"end":{"line":2,"column":254}},"16":{"start":{"line":2,"column":304},"end":{"line":2,"column":403}},"17":{"start":{"line":2,"column":345},"end":{"line":2,"column":402}},"18":{"start":{"line":2,"column":453},"end":{"line":2,"column":552}},"19":{"start":{"line":2,"column":465},"end":{"line":2,"column":551}},"20":{"start":{"line":2,"column":552},"end":{"line":2,"column":638}},"21":{"start":{"line":2,"column":681},"end":{"line":2,"column":844}},"22":{"start":{"line":2,"column":743},"end":{"line":2,"column":843}},"23":{"start":{"line":2,"column":844},"end":{"line":2,"column":1008}},"24":{"start":{"line":2,"column":1008},"end":{"line":2,"column":1126}},"25":{"start":{"line":2,"column":1024},"end":{"line":2,"column":1126}},"26":{"start":{"line":4,"column":12},"end":{"line":4,"column":28}}},"fnMap":{"0":{"name":"(anonymous_0)","decl":{"start":{"line":1,"column":120},"end":{"line":1,"column":121}},"loc":{"start":{"line":1,"column":132},"end":{"line":1,"column":647}},"line":1},"1":{"name":"defineProperties","decl":{"start":{"line":1,"column":142},"end":{"line":1,"column":158}},"loc":{"start":{"line":1,"column":174},"end":{"line":1,"column":441}},"line":1},"2":{"name":"(anonymous_2)","decl":{"start":{"line":1,"column":448},"end":{"line":1,"column":449}},"loc":{"start":{"line":1,"column":496},"end":{"line":1,"column":645}},"line":1},"3":{"name":"_interopRequireDefault","decl":{"start":{"line":2,"column":171},"end":{"line":2,"column":193}},"loc":{"start":{"line":2,"column":199},"end":{"line":2,"column":255}},"line":2},"4":{"name":"_classCallCheck","decl":{"start":{"line":2,"column":264},"end":{"line":2,"column":279}},"loc":{"start":{"line":2,"column":303},"end":{"line":2,"column":404}},"line":2},"5":{"name":"_possibleConstructorReturn","decl":{"start":{"line":2,"column":413},"end":{"line":2,"column":439}},"loc":{"start":{"line":2,"column":452},"end":{"line":2,"column":639}},"line":2},"6":{"name":"_inherits","decl":{"start":{"line":2,"column":648},"end":{"line":2,"column":657}},"loc":{"start":{"line":2,"column":680},"end":{"line":2,"column":1127}},"line":2}},"branchMap":{"0":{"loc":{"start":{"line":1,"column":265},"end":{"line":1,"column":295}},"type":"binary-expr","locations":[{"start":{"line":1,"column":265},"end":{"line":1,"column":286}},{"start":{"line":1,"column":290},"end":{"line":1,"column":295}}],"line":1},"1":{"loc":{"start":{"line":1,"column":327},"end":{"line":1,"column":381}},"type":"if","locations":[{"start":{"line":1,"column":327},"end":{"line":1,"column":381}},{"start":{"line":1,"column":327},"end":{"line":1,"column":381}}],"line":1},"2":{"loc":{"start":{"line":1,"column":497},"end":{"line":1,"column":565}},"type":"if","locations":[{"start":{"line":1,"column":497},"end":{"line":1,"column":565}},{"start":{"line":1,"column":497},"end":{"line":1,"column":565}}],"line":1},"3":{"loc":{"start":{"line":1,"column":565},"end":{"line":1,"column":625}},"type":"if","locations":[{"start":{"line":1,"column":565},"end":{"line":1,"column":625}},{"start":{"line":1,"column":565},"end":{"line":1,"column":625}}],"line":1},"4":{"loc":{"start":{"line":2,"column":207},"end":{"line":2,"column":253}},"type":"cond-expr","locations":[{"start":{"line":2,"column":231},"end":{"line":2,"column":234}},{"start":{"line":2,"column":237},"end":{"line":2,"column":253}}],"line":2},"5":{"loc":{"start":{"line":2,"column":207},"end":{"line":2,"column":228}},"type":"binary-expr","locations":[{"start":{"line":2,"column":207},"end":{"line":2,"column":210}},{"start":{"line":2,"column":214},"end":{"line":2,"column":228}}],"line":2},"6":{"loc":{"start":{"line":2,"column":304},"end":{"line":2,"column":403}},"type":"if","locations":[{"start":{"line":2,"column":304},"end":{"line":2,"column":403}},{"start":{"line":2,"column":304},"end":{"line":2,"column":403}}],"line":2},"7":{"loc":{"start":{"line":2,"column":453},"end":{"line":2,"column":552}},"type":"if","locations":[{"start":{"line":2,"column":453},"end":{"line":2,"column":552}},{"start":{"line":2,"column":453},"end":{"line":2,"column":552}}],"line":2},"8":{"loc":{"start":{"line":2,"column":559},"end":{"line":2,"column":637}},"type":"cond-expr","locations":[{"start":{"line":2,"column":626},"end":{"line":2,"column":630}},{"start":{"line":2,"column":633},"end":{"line":2,"column":637}}],"line":2},"9":{"loc":{"start":{"line":2,"column":559},"end":{"line":2,"column":623}},"type":"binary-expr","locations":[{"start":{"line":2,"column":559},"end":{"line":2,"column":563}},{"start":{"line":2,"column":568},"end":{"line":2,"column":592}},{"start":{"line":2,"column":596},"end":{"line":2,"column":622}}],"line":2},"10":{"loc":{"start":{"line":2,"column":681},"end":{"line":2,"column":844}},"type":"if","locations":[{"start":{"line":2,"column":681},"end":{"line":2,"column":844}},{"start":{"line":2,"column":681},"end":{"line":2,"column":844}}],"line":2},"11":{"loc":{"start":{"line":2,"column":685},"end":{"line":2,"column":740}},"type":"binary-expr","locations":[{"start":{"line":2,"column":685},"end":{"line":2,"column":717}},{"start":{"line":2,"column":721},"end":{"line":2,"column":740}}],"line":2},"12":{"loc":{"start":{"line":2,"column":879},"end":{"line":2,"column":913}},"type":"binary-expr","locations":[{"start":{"line":2,"column":879},"end":{"line":2,"column":889}},{"start":{"line":2,"column":893},"end":{"line":2,"column":913}}],"line":2},"13":{"loc":{"start":{"line":2,"column":1008},"end":{"line":2,"column":1126}},"type":"if","locations":[{"start":{"line":2,"column":1008},"end":{"line":2,"column":1126}},{"start":{"line":2,"column":1008},"end":{"line":2,"column":1126}}],"line":2},"14":{"loc":{"start":{"line":2,"column":1024},"end":{"line":2,"column":1125}},"type":"cond-expr","locations":[{"start":{"line":2,"column":1048},"end":{"line":2,"column":1091}},{"start":{"line":2,"column":1094},"end":{"line":2,"column":1125}}],"line":2}},"s":{"0":1,"1":1,"2":1,"3":6,"4":6,"5":6,"6":6,"7":6,"8":6,"9":1,"10":1,"11":1,"12":1,"13":0,"14":1,"15":2,"16":1,"17":0,"18":1,"19":0,"20":1,"21":1,"22":0,"23":1,"24":1,"25":1,"26":1},"f":{"0":1,"1":1,"2":1,"3":2,"4":1,"5":1,"6":1},"b":{"0":[6,6],"1":[6,0],"2":[1,0],"3":[0,1],"4":[1,1],"5":[2,2],"6":[0,1],"7":[0,1],"8":[0,1],"9":[1,0,0],"10":[0,1],"11":[1,0],"12":[1,1],"13":[1,0],"14":[1,0]},"_coverageSchema":"332fd63041d2c1bcb487cc26dd0d5f7d97098a6c","hash":"9cf915ae3ae4a12a098efec9ddb365ebcaaf63f5"}
,"/Users/hyukkim/Desktop/FEC/Reviews/client/src/components/user_reviews_entry/user_reviews_entry.css": {"path":"/Users/hyukkim/Desktop/FEC/Reviews/client/src/components/user_reviews_entry/user_reviews_entry.css","statementMap":{},"fnMap":{},"branchMap":{},"s":{},"f":{},"b":{},"_coverageSchema":"332fd63041d2c1bcb487cc26dd0d5f7d97098a6c","hash":"c676ab7b554b08e4655e49ec9580b47bd0e3d0a3"}
,"/Users/hyukkim/Desktop/FEC/Reviews/client/src/components/user_reviews_entry/user_reviews_entry.jsx": {"path":"/Users/hyukkim/Desktop/FEC/Reviews/client/src/components/user_reviews_entry/user_reviews_entry.jsx","statementMap":{"0":{"start":{"line":1,"column":39},"end":{"line":1,"column":101}},"1":{"start":{"line":1,"column":120},"end":{"line":1,"column":649}},"2":{"start":{"line":1,"column":175},"end":{"line":1,"column":440}},"3":{"start":{"line":1,"column":232},"end":{"line":1,"column":240}},"4":{"start":{"line":1,"column":241},"end":{"line":1,"column":296}},"5":{"start":{"line":1,"column":296},"end":{"line":1,"column":327}},"6":{"start":{"line":1,"column":327},"end":{"line":1,"column":381}},"7":{"start":{"line":1,"column":354},"end":{"line":1,"column":381}},"8":{"start":{"line":1,"column":381},"end":{"line":1,"column":439}},"9":{"start":{"line":1,"column":441},"end":{"line":1,"column":646}},"10":{"start":{"line":1,"column":497},"end":{"line":1,"column":565}},"11":{"start":{"line":1,"column":513},"end":{"line":1,"column":565}},"12":{"start":{"line":1,"column":565},"end":{"line":1,"column":625}},"13":{"start":{"line":1,"column":582},"end":{"line":1,"column":625}},"14":{"start":{"line":1,"column":625},"end":{"line":1,"column":644}},"15":{"start":{"line":3,"column":219},"end":{"line":3,"column":273}},"16":{"start":{"line":3,"column":323},"end":{"line":3,"column":422}},"17":{"start":{"line":3,"column":364},"end":{"line":3,"column":421}},"18":{"start":{"line":3,"column":472},"end":{"line":3,"column":571}},"19":{"start":{"line":3,"column":484},"end":{"line":3,"column":570}},"20":{"start":{"line":3,"column":571},"end":{"line":3,"column":657}},"21":{"start":{"line":3,"column":700},"end":{"line":3,"column":863}},"22":{"start":{"line":3,"column":762},"end":{"line":3,"column":862}},"23":{"start":{"line":3,"column":863},"end":{"line":3,"column":1027}},"24":{"start":{"line":3,"column":1027},"end":{"line":3,"column":1145}},"25":{"start":{"line":3,"column":1043},"end":{"line":3,"column":1145}},"26":{"start":{"line":5,"column":12},"end":{"line":5,"column":28}}},"fnMap":{"0":{"name":"(anonymous_0)","decl":{"start":{"line":1,"column":120},"end":{"line":1,"column":121}},"loc":{"start":{"line":1,"column":132},"end":{"line":1,"column":647}},"line":1},"1":{"name":"defineProperties","decl":{"start":{"line":1,"column":142},"end":{"line":1,"column":158}},"loc":{"start":{"line":1,"column":174},"end":{"line":1,"column":441}},"line":1},"2":{"name":"(anonymous_2)","decl":{"start":{"line":1,"column":448},"end":{"line":1,"column":449}},"loc":{"start":{"line":1,"column":496},"end":{"line":1,"column":645}},"line":1},"3":{"name":"_interopRequireDefault","decl":{"start":{"line":3,"column":190},"end":{"line":3,"column":212}},"loc":{"start":{"line":3,"column":218},"end":{"line":3,"column":274}},"line":3},"4":{"name":"_classCallCheck","decl":{"start":{"line":3,"column":283},"end":{"line":3,"column":298}},"loc":{"start":{"line":3,"column":322},"end":{"line":3,"column":423}},"line":3},"5":{"name":"_possibleConstructorReturn","decl":{"start":{"line":3,"column":432},"end":{"line":3,"column":458}},"loc":{"start":{"line":3,"column":471},"end":{"line":3,"column":658}},"line":3},"6":{"name":"_inherits","decl":{"start":{"line":3,"column":667},"end":{"line":3,"column":676}},"loc":{"start":{"line":3,"column":699},"end":{"line":3,"column":1146}},"line":3}},"branchMap":{"0":{"loc":{"start":{"line":1,"column":265},"end":{"line":1,"column":295}},"type":"binary-expr","locations":[{"start":{"line":1,"column":265},"end":{"line":1,"column":286}},{"start":{"line":1,"column":290},"end":{"line":1,"column":295}}],"line":1},"1":{"loc":{"start":{"line":1,"column":327},"end":{"line":1,"column":381}},"type":"if","locations":[{"start":{"line":1,"column":327},"end":{"line":1,"column":381}},{"start":{"line":1,"column":327},"end":{"line":1,"column":381}}],"line":1},"2":{"loc":{"start":{"line":1,"column":497},"end":{"line":1,"column":565}},"type":"if","locations":[{"start":{"line":1,"column":497},"end":{"line":1,"column":565}},{"start":{"line":1,"column":497},"end":{"line":1,"column":565}}],"line":1},"3":{"loc":{"start":{"line":1,"column":565},"end":{"line":1,"column":625}},"type":"if","locations":[{"start":{"line":1,"column":565},"end":{"line":1,"column":625}},{"start":{"line":1,"column":565},"end":{"line":1,"column":625}}],"line":1},"4":{"loc":{"start":{"line":3,"column":226},"end":{"line":3,"column":272}},"type":"cond-expr","locations":[{"start":{"line":3,"column":250},"end":{"line":3,"column":253}},{"start":{"line":3,"column":256},"end":{"line":3,"column":272}}],"line":3},"5":{"loc":{"start":{"line":3,"column":226},"end":{"line":3,"column":247}},"type":"binary-expr","locations":[{"start":{"line":3,"column":226},"end":{"line":3,"column":229}},{"start":{"line":3,"column":233},"end":{"line":3,"column":247}}],"line":3},"6":{"loc":{"start":{"line":3,"column":323},"end":{"line":3,"column":422}},"type":"if","locations":[{"start":{"line":3,"column":323},"end":{"line":3,"column":422}},{"start":{"line":3,"column":323},"end":{"line":3,"column":422}}],"line":3},"7":{"loc":{"start":{"line":3,"column":472},"end":{"line":3,"column":571}},"type":"if","locations":[{"start":{"line":3,"column":472},"end":{"line":3,"column":571}},{"start":{"line":3,"column":472},"end":{"line":3,"column":571}}],"line":3},"8":{"loc":{"start":{"line":3,"column":578},"end":{"line":3,"column":656}},"type":"cond-expr","locations":[{"start":{"line":3,"column":645},"end":{"line":3,"column":649}},{"start":{"line":3,"column":652},"end":{"line":3,"column":656}}],"line":3},"9":{"loc":{"start":{"line":3,"column":578},"end":{"line":3,"column":642}},"type":"binary-expr","locations":[{"start":{"line":3,"column":578},"end":{"line":3,"column":582}},{"start":{"line":3,"column":587},"end":{"line":3,"column":611}},{"start":{"line":3,"column":615},"end":{"line":3,"column":641}}],"line":3},"10":{"loc":{"start":{"line":3,"column":700},"end":{"line":3,"column":863}},"type":"if","locations":[{"start":{"line":3,"column":700},"end":{"line":3,"column":863}},{"start":{"line":3,"column":700},"end":{"line":3,"column":863}}],"line":3},"11":{"loc":{"start":{"line":3,"column":704},"end":{"line":3,"column":759}},"type":"binary-expr","locations":[{"start":{"line":3,"column":704},"end":{"line":3,"column":736}},{"start":{"line":3,"column":740},"end":{"line":3,"column":759}}],"line":3},"12":{"loc":{"start":{"line":3,"column":898},"end":{"line":3,"column":932}},"type":"binary-expr","locations":[{"start":{"line":3,"column":898},"end":{"line":3,"column":908}},{"start":{"line":3,"column":912},"end":{"line":3,"column":932}}],"line":3},"13":{"loc":{"start":{"line":3,"column":1027},"end":{"line":3,"column":1145}},"type":"if","locations":[{"start":{"line":3,"column":1027},"end":{"line":3,"column":1145}},{"start":{"line":3,"column":1027},"end":{"line":3,"column":1145}}],"line":3},"14":{"loc":{"start":{"line":3,"column":1043},"end":{"line":3,"column":1144}},"type":"cond-expr","locations":[{"start":{"line":3,"column":1067},"end":{"line":3,"column":1110}},{"start":{"line":3,"column":1113},"end":{"line":3,"column":1144}}],"line":3}},"s":{"0":2,"1":2,"2":2,"3":14,"4":14,"5":14,"6":14,"7":14,"8":14,"9":2,"10":2,"11":2,"12":2,"13":0,"14":2,"15":6,"16":1,"17":0,"18":1,"19":0,"20":1,"21":2,"22":0,"23":2,"24":2,"25":2,"26":2},"f":{"0":2,"1":2,"2":2,"3":6,"4":1,"5":1,"6":2},"b":{"0":[14,14],"1":[14,0],"2":[2,0],"3":[0,2],"4":[4,2],"5":[6,6],"6":[0,1],"7":[0,1],"8":[0,1],"9":[1,0,0],"10":[0,2],"11":[2,0],"12":[2,2],"13":[2,0],"14":[2,0]},"_coverageSchema":"332fd63041d2c1bcb487cc26dd0d5f7d97098a6c","hash":"6f895dfcdec867ebb432bd82fa3c6f91d74aec75"}
,"/Users/hyukkim/Desktop/FEC/Reviews/db/config.js": {"path":"/Users/hyukkim/Desktop/FEC/Reviews/db/config.js","statementMap":{"0":{"start":{"line":1,"column":39},"end":{"line":5,"column":24}}},"fnMap":{},"branchMap":{},"s":{"0":1},"f":{},"b":{},"_coverageSchema":"332fd63041d2c1bcb487cc26dd0d5f7d97098a6c","hash":"75f4d9a93dd9e25ff9869f3f5f83d11c2e9c298c"}
,"/Users/hyukkim/Desktop/FEC/Reviews/db/index.js": {"path":"/Users/hyukkim/Desktop/FEC/Reviews/db/index.js","statementMap":{"0":{"start":{"line":1,"column":51},"end":{"line":1,"column":67}},"1":{"start":{"line":2,"column":18},"end":{"line":2,"column":40}},"2":{"start":{"line":5,"column":17},"end":{"line":5,"column":52}},"3":{"start":{"line":7,"column":17},"end":{"line":13,"column":1}},"4":{"start":{"line":8,"column":39},"end":{"line":8,"column":329}},"5":{"start":{"line":9,"column":1},"end":{"line":12,"column":4}},"6":{"start":{"line":10,"column":2},"end":{"line":10,"column":46}},"7":{"start":{"line":10,"column":11},"end":{"line":10,"column":46}},"8":{"start":{"line":11,"column":2},"end":{"line":11,"column":19}},"9":{"start":{"line":15,"column":0},"end":{"line":16,"column":26}}},"fnMap":{"0":{"name":"getReviews","decl":{"start":{"line":7,"column":26},"end":{"line":7,"column":36}},"loc":{"start":{"line":7,"column":50},"end":{"line":13,"column":1}},"line":7},"1":{"name":"(anonymous_1)","decl":{"start":{"line":9,"column":25},"end":{"line":9,"column":26}},"loc":{"start":{"line":9,"column":49},"end":{"line":12,"column":2}},"line":9}},"branchMap":{"0":{"loc":{"start":{"line":10,"column":2},"end":{"line":10,"column":46}},"type":"if","locations":[{"start":{"line":10,"column":2},"end":{"line":10,"column":46}},{"start":{"line":10,"column":2},"end":{"line":10,"column":46}}],"line":10}},"s":{"0":1,"1":1,"2":1,"3":1,"4":4,"5":4,"6":4,"7":0,"8":4,"9":1},"f":{"0":4,"1":4},"b":{"0":[0,4]},"_coverageSchema":"332fd63041d2c1bcb487cc26dd0d5f7d97098a6c","hash":"b5dd15385d7ddc82ae9903a08e70984599318619"}
,"/Users/hyukkim/Desktop/FEC/Reviews/server/app.js": {"path":"/Users/hyukkim/Desktop/FEC/Reviews/server/app.js","statementMap":{"0":{"start":{"line":1,"column":53},"end":{"line":1,"column":71}},"1":{"start":{"line":2,"column":11},"end":{"line":2,"column":26}},"2":{"start":{"line":3,"column":17},"end":{"line":3,"column":39}},"3":{"start":{"line":4,"column":9},"end":{"line":4,"column":34}},"4":{"start":{"line":6,"column":10},"end":{"line":6,"column":19}},"5":{"start":{"line":8,"column":0},"end":{"line":8,"column":78}},"6":{"start":{"line":9,"column":0},"end":{"line":9,"column":27}},"7":{"start":{"line":10,"column":0},"end":{"line":10,"column":51}},"8":{"start":{"line":12,"column":0},"end":{"line":17,"column":3}},"9":{"start":{"line":13,"column":2},"end":{"line":16,"column":5}},"10":{"start":{"line":14,"column":4},"end":{"line":14,"column":36}},"11":{"start":{"line":14,"column":13},"end":{"line":14,"column":36}},"12":{"start":{"line":15,"column":4},"end":{"line":15,"column":34}},"13":{"start":{"line":19,"column":0},"end":{"line":19,"column":21}}},"fnMap":{"0":{"name":"(anonymous_0)","decl":{"start":{"line":12,"column":35},"end":{"line":12,"column":36}},"loc":{"start":{"line":12,"column":55},"end":{"line":17,"column":1}},"line":12},"1":{"name":"(anonymous_1)","decl":{"start":{"line":13,"column":36},"end":{"line":13,"column":37}},"loc":{"start":{"line":13,"column":60},"end":{"line":16,"column":3}},"line":13}},"branchMap":{"0":{"loc":{"start":{"line":14,"column":4},"end":{"line":14,"column":36}},"type":"if","locations":[{"start":{"line":14,"column":4},"end":{"line":14,"column":36}},{"start":{"line":14,"column":4},"end":{"line":14,"column":36}}],"line":14}},"s":{"0":1,"1":1,"2":1,"3":1,"4":1,"5":1,"6":1,"7":1,"8":1,"9":4,"10":4,"11":0,"12":4,"13":1},"f":{"0":4,"1":4},"b":{"0":[0,4]},"_coverageSchema":"332fd63041d2c1bcb487cc26dd0d5f7d97098a6c","hash":"03e215b778aeb78beb4cefb8881eae62fb1f1519"}
}
