TN:
SF:/Users/hyukkim/Desktop/FEC/Reviews/client/src/fakeData.js
FNF:0
FNH:0
DA:1,6
LF:1
LH:1
BRF:0
BRH:0
end_of_record
TN:
SF:/Users/hyukkim/Desktop/FEC/Reviews/client/src/components/avg_rating/avg_rating.css
FNF:0
FNH:0
LF:0
LH:0
BRF:0
BRH:0
end_of_record
TN:
SF:/Users/hyukkim/Desktop/FEC/Reviews/client/src/components/avg_rating/avg_rating.jsx
FN:1,_interopRequireDefault
FN:6,AvgRating
FN:8,getAverage
FN:11,(anonymous_3)
FN:17,starPercentage
FNF:5
FNH:5
FNDA:1,_interopRequireDefault
FNDA:1,AvgRating
FNDA:1,getAverage
FNDA:3,(anonymous_3)
FNDA:1,starPercentage
DA:1,1
DA:3,1
DA:6,1
DA:8,1
DA:9,1
DA:10,1
DA:17,1
DA:18,1
DA:21,1
DA:24,1
LF:10
LH:10
BRDA:1,0,0,0
BRDA:1,0,1,1
BRDA:1,1,0,1
BRDA:1,1,1,1
BRDA:9,2,0,1
BRDA:9,2,1,0
BRF:6
BRH:4
end_of_record
TN:
SF:/Users/hyukkim/Desktop/FEC/Reviews/client/src/components/closing_popup/closing_popup.css
FNF:0
FNH:0
LF:0
LH:0
BRF:0
BRH:0
end_of_record
TN:
SF:/Users/hyukkim/Desktop/FEC/Reviews/client/src/components/closing_popup/closing_popup.jsx
FN:1,_interopRequireDefault
FN:5,ClosingPopup
FN:6,exitBtn
FNF:3
FNH:2
FNDA:3,_interopRequireDefault
FNDA:1,ClosingPopup
FNDA:0,exitBtn
DA:1,3
DA:3,3
DA:5,3
DA:6,1
DA:7,0
DA:10,1
LF:6
LH:5
BRDA:1,0,0,0
BRDA:1,0,1,3
BRDA:1,1,0,3
BRDA:1,1,1,3
BRF:4
BRH:3
end_of_record
TN:
SF:/Users/hyukkim/Desktop/FEC/Reviews/client/src/components/flag_popup/popup.css
FNF:0
FNH:0
LF:0
LH:0
BRF:0
BRH:0
end_of_record
TN:
SF:/Users/hyukkim/Desktop/FEC/Reviews/client/src/components/flag_popup/popup.jsx
FN:1,(anonymous_0)
FN:1,defineProperties
FN:1,(anonymous_2)
FN:1,_interopRequireDefault
FN:1,_classCallCheck
FN:1,_possibleConstructorReturn
FN:1,_inherits
FNF:7
FNH:7
FNDA:3,(anonymous_0)
FNDA:3,defineProperties
FNDA:3,(anonymous_2)
FNDA:3,_interopRequireDefault
FNDA:1,_classCallCheck
FNDA:1,_possibleConstructorReturn
FNDA:3,_inherits
DA:1,12
DA:3,3
LF:2
LH:2
BRDA:1,0,0,12
BRDA:1,0,1,12
BRDA:1,1,0,12
BRDA:1,1,1,0
BRDA:1,2,0,3
BRDA:1,2,1,0
BRDA:1,3,0,0
BRDA:1,3,1,3
BRDA:1,4,0,0
BRDA:1,4,1,3
BRDA:1,5,0,3
BRDA:1,5,1,3
BRDA:1,6,0,0
BRDA:1,6,1,1
BRDA:1,7,0,0
BRDA:1,7,1,1
BRDA:1,8,0,0
BRDA:1,8,1,1
BRDA:1,9,0,1
BRDA:1,9,1,0
BRDA:1,9,2,0
BRDA:1,10,0,0
BRDA:1,10,1,3
BRDA:1,11,0,3
BRDA:1,11,1,0
BRDA:1,12,0,3
BRDA:1,12,1,3
BRDA:1,13,0,3
BRDA:1,13,1,0
BRDA:1,14,0,3
BRDA:1,14,1,0
BRF:31
BRH:18
end_of_record
TN:
SF:/Users/hyukkim/Desktop/FEC/Reviews/client/src/components/ratings/ratings.css
FNF:0
FNH:0
LF:0
LH:0
BRF:0
BRH:0
end_of_record
TN:
SF:/Users/hyukkim/Desktop/FEC/Reviews/client/src/components/ratings/ratings.jsx
FN:1,_interopRequireDefault
FN:5,Ratings
FN:6,getAverage
FN:9,(anonymous_3)
FN:10,(anonymous_4)
FN:15,starPercentage
FN:22,makeSpaces
FNF:7
FNH:6
FNDA:1,_interopRequireDefault
FNDA:1,Ratings
FNDA:6,getAverage
FNDA:24,(anonymous_3)
FNDA:18,(anonymous_4)
FNDA:6,starPercentage
FNDA:0,makeSpaces
DA:1,1
DA:3,1
DA:5,1
DA:6,1
DA:7,6
DA:8,6
DA:15,1
DA:16,6
DA:19,6
DA:22,1
DA:23,0
DA:24,0
DA:25,0
DA:27,0
DA:30,1
LF:15
LH:11
BRDA:1,0,0,0
BRDA:1,0,1,1
BRDA:1,1,0,1
BRDA:1,1,1,1
BRDA:7,2,0,6
BRDA:7,2,1,0
BRF:6
BRH:4
end_of_record
TN:
SF:/Users/hyukkim/Desktop/FEC/Reviews/client/src/components/total_number_reviews/total_number_reviews.css
FNF:0
FNH:0
LF:0
LH:0
BRF:0
BRH:0
end_of_record
TN:
SF:/Users/hyukkim/Desktop/FEC/Reviews/client/src/components/total_number_reviews/total_number_reviews.jsx
FN:2,_interopRequireDefault
FN:4,TotalNumberReviews
FNF:2
FNH:2
FNDA:1,_interopRequireDefault
FNDA:2,TotalNumberReviews
DA:1,1
DA:2,1
DA:4,1
DA:5,2
LF:4
LH:4
BRDA:2,0,0,0
BRDA:2,0,1,1
BRDA:2,1,0,1
BRDA:2,1,1,1
BRF:4
BRH:3
end_of_record
TN:
SF:/Users/hyukkim/Desktop/FEC/Reviews/client/src/components/user_reviews/user_reviews.css
FNF:0
FNH:0
LF:0
LH:0
BRF:0
BRH:0
end_of_record
TN:
SF:/Users/hyukkim/Desktop/FEC/Reviews/client/src/components/user_reviews/user_reviews.jsx
FN:1,(anonymous_0)
FN:1,defineProperties
FN:1,(anonymous_2)
FN:2,_interopRequireDefault
FN:2,_classCallCheck
FN:2,_possibleConstructorReturn
FN:2,_inherits
FNF:7
FNH:7
FNDA:1,(anonymous_0)
FNDA:1,defineProperties
FNDA:1,(anonymous_2)
FNDA:2,_interopRequireDefault
FNDA:1,_classCallCheck
FNDA:1,_possibleConstructorReturn
FNDA:1,_inherits
DA:1,6
DA:2,2
DA:4,1
LF:3
LH:3
BRDA:1,0,0,6
BRDA:1,0,1,6
BRDA:1,1,0,6
BRDA:1,1,1,0
BRDA:1,2,0,1
BRDA:1,2,1,0
BRDA:1,3,0,0
BRDA:1,3,1,1
BRDA:2,4,0,1
BRDA:2,4,1,1
BRDA:2,5,0,2
BRDA:2,5,1,2
BRDA:2,6,0,0
BRDA:2,6,1,1
BRDA:2,7,0,0
BRDA:2,7,1,1
BRDA:2,8,0,0
BRDA:2,8,1,1
BRDA:2,9,0,1
BRDA:2,9,1,0
BRDA:2,9,2,0
BRDA:2,10,0,0
BRDA:2,10,1,1
BRDA:2,11,0,1
BRDA:2,11,1,0
BRDA:2,12,0,1
BRDA:2,12,1,1
BRDA:2,13,0,1
BRDA:2,13,1,0
BRDA:2,14,0,1
BRDA:2,14,1,0
BRF:31
BRH:19
end_of_record
TN:
SF:/Users/hyukkim/Desktop/FEC/Reviews/client/src/components/user_reviews_entry/user_reviews_entry.css
FNF:0
FNH:0
LF:0
LH:0
BRF:0
BRH:0
end_of_record
TN:
SF:/Users/hyukkim/Desktop/FEC/Reviews/client/src/components/user_reviews_entry/user_reviews_entry.jsx
FN:1,(anonymous_0)
FN:1,defineProperties
FN:1,(anonymous_2)
FN:3,_interopRequireDefault
FN:3,_classCallCheck
FN:3,_possibleConstructorReturn
FN:3,_inherits
FNF:7
FNH:7
FNDA:2,(anonymous_0)
FNDA:2,defineProperties
FNDA:2,(anonymous_2)
FNDA:6,_interopRequireDefault
FNDA:1,_classCallCheck
FNDA:1,_possibleConstructorReturn
FNDA:2,_inherits
DA:1,14
DA:3,6
DA:5,2
LF:3
LH:3
BRDA:1,0,0,14
BRDA:1,0,1,14
BRDA:1,1,0,14
BRDA:1,1,1,0
BRDA:1,2,0,2
BRDA:1,2,1,0
BRDA:1,3,0,0
BRDA:1,3,1,2
BRDA:3,4,0,4
BRDA:3,4,1,2
BRDA:3,5,0,6
BRDA:3,5,1,6
BRDA:3,6,0,0
BRDA:3,6,1,1
BRDA:3,7,0,0
BRDA:3,7,1,1
BRDA:3,8,0,0
BRDA:3,8,1,1
BRDA:3,9,0,1
BRDA:3,9,1,0
BRDA:3,9,2,0
BRDA:3,10,0,0
BRDA:3,10,1,2
BRDA:3,11,0,2
BRDA:3,11,1,0
BRDA:3,12,0,2
BRDA:3,12,1,2
BRDA:3,13,0,2
BRDA:3,13,1,0
BRDA:3,14,0,2
BRDA:3,14,1,0
BRF:31
BRH:19
end_of_record
TN:
SF:/Users/hyukkim/Desktop/FEC/Reviews/db/config.js
FNF:0
FNH:0
DA:1,1
LF:1
LH:1
BRF:0
BRH:0
end_of_record
TN:
SF:/Users/hyukkim/Desktop/FEC/Reviews/db/index.js
FN:7,getReviews
FN:9,(anonymous_1)
FNF:2
FNH:2
FNDA:4,getReviews
FNDA:4,(anonymous_1)
DA:1,1
DA:2,1
DA:5,1
DA:7,1
DA:8,4
DA:9,4
DA:10,4
DA:11,4
DA:15,1
LF:9
LH:9
BRDA:10,0,0,0
BRDA:10,0,1,4
BRF:2
BRH:1
end_of_record
TN:
SF:/Users/hyukkim/Desktop/FEC/Reviews/server/app.js
FN:12,(anonymous_0)
FN:13,(anonymous_1)
FNF:2
FNH:2
FNDA:4,(anonymous_0)
FNDA:4,(anonymous_1)
DA:1,1
DA:2,1
DA:3,1
DA:4,1
DA:6,1
DA:8,1
DA:9,1
DA:10,1
DA:12,1
DA:13,4
DA:14,4
DA:15,4
DA:19,1
LF:13
LH:13
BRDA:14,0,0,0
BRDA:14,0,1,4
BRF:2
BRH:1
end_of_record
